#! /usr/bin/vvp
:ivl_version "10.3 (stable)";
:ivl_delay_selection "TYPICAL";
:vpi_time_precision + 0;
:vpi_module "system";
:vpi_module "vhdl_sys";
:vpi_module "v2005_math";
:vpi_module "va_math";
S_0x55c561401830 .scope module, "full_adder_tb" "full_adder_tb" 2 2;
 .timescale 0 0;
v0x55c56141b5e0_0 .var "A", 0 0;
v0x55c56141b6a0_0 .var "B", 0 0;
v0x55c56141b7b0_0 .net "C", 0 0, v0x55c56141b020_0;  1 drivers
v0x55c56141b850_0 .var "Cin", 0 0;
v0x55c56141b940_0 .net "S", 0 0, v0x55c56141b380_0;  1 drivers
S_0x55c5614019b0 .scope module, "fl" "full" 2 5, 3 2 0, S_0x55c561401830;
 .timescale 0 0;
    .port_info 0 /OUTPUT 1 "S"
    .port_info 1 /OUTPUT 1 "C"
    .port_info 2 /INPUT 1 "A"
    .port_info 3 /INPUT 1 "B"
    .port_info 4 /INPUT 1 "Cin"
v0x55c56141ae90_0 .net "A", 0 0, v0x55c56141b5e0_0;  1 drivers
v0x55c56141af50_0 .net "B", 0 0, v0x55c56141b6a0_0;  1 drivers
v0x55c56141b020_0 .var "C", 0 0;
v0x55c56141b0f0_0 .net "C1", 0 0, v0x55c56141a660_0;  1 drivers
v0x55c56141b1c0_0 .net "C2", 0 0, v0x55c56141ac50_0;  1 drivers
v0x55c56141b2b0_0 .net "Cin", 0 0, v0x55c56141b850_0;  1 drivers
v0x55c56141b380_0 .var "S", 0 0;
v0x55c56141b420_0 .net "S1", 0 0, v0x55c56141a700_0;  1 drivers
v0x55c56141b510_0 .net "S2", 0 0, v0x55c56141ad20_0;  1 drivers
E_0x55c561400aa0 .event edge, v0x55c56141ad20_0, v0x55c56141a660_0, v0x55c56141ac50_0;
S_0x55c5613c8160 .scope module, "HA1" "half" 3 11, 4 1 0, S_0x55c5614019b0;
 .timescale 0 0;
    .port_info 0 /OUTPUT 1 "S"
    .port_info 1 /OUTPUT 1 "C"
    .port_info 2 /INPUT 1 "A"
    .port_info 3 /INPUT 1 "B"
v0x55c5613c83c0_0 .net "A", 0 0, v0x55c56141b5e0_0;  alias, 1 drivers
v0x55c56141a5a0_0 .net "B", 0 0, v0x55c56141b6a0_0;  alias, 1 drivers
v0x55c56141a660_0 .var "C", 0 0;
v0x55c56141a700_0 .var "S", 0 0;
E_0x55c5614000b0 .event edge, v0x55c5613c83c0_0, v0x55c56141a5a0_0;
S_0x55c56141a840 .scope module, "HA2" "half" 3 12, 4 1 0, S_0x55c5614019b0;
 .timescale 0 0;
    .port_info 0 /OUTPUT 1 "S"
    .port_info 1 /OUTPUT 1 "C"
    .port_info 2 /INPUT 1 "A"
    .port_info 3 /INPUT 1 "B"
v0x55c56141aac0_0 .net "A", 0 0, v0x55c56141a700_0;  alias, 1 drivers
v0x55c56141abb0_0 .net "B", 0 0, v0x55c56141b850_0;  alias, 1 drivers
v0x55c56141ac50_0 .var "C", 0 0;
v0x55c56141ad20_0 .var "S", 0 0;
E_0x55c5614001e0 .event edge, v0x55c56141a700_0, v0x55c56141abb0_0;
    .scope S_0x55c5613c8160;
T_0 ;
    %wait E_0x55c5614000b0;
    %load/vec4 v0x55c5613c83c0_0;
    %load/vec4 v0x55c56141a5a0_0;
    %cmp/ne;
    %jmp/0xz  T_0.0, 4;
    %pushi/vec4 1, 0, 1;
    %store/vec4 v0x55c56141a700_0, 0, 1;
    %jmp T_0.1;
T_0.0 ;
    %pushi/vec4 0, 0, 1;
    %store/vec4 v0x55c56141a700_0, 0, 1;
T_0.1 ;
    %load/vec4 v0x55c5613c83c0_0;
    %pad/u 32;
    %pushi/vec4 1, 0, 32;
    %cmp/e;
    %flag_get/vec4 4;
    %load/vec4 v0x55c56141a5a0_0;
    %pad/u 32;
    %pushi/vec4 1, 0, 32;
    %cmp/e;
    %flag_get/vec4 4;
    %and;
    %flag_set/vec4 8;
    %jmp/0xz  T_0.2, 8;
    %pushi/vec4 1, 0, 1;
    %store/vec4 v0x55c56141a660_0, 0, 1;
    %jmp T_0.3;
T_0.2 ;
    %pushi/vec4 0, 0, 1;
    %store/vec4 v0x55c56141a660_0, 0, 1;
T_0.3 ;
    %jmp T_0;
    .thread T_0, $push;
    .scope S_0x55c56141a840;
T_1 ;
    %wait E_0x55c5614001e0;
    %load/vec4 v0x55c56141aac0_0;
    %load/vec4 v0x55c56141abb0_0;
    %cmp/ne;
    %jmp/0xz  T_1.0, 4;
    %pushi/vec4 1, 0, 1;
    %store/vec4 v0x55c56141ad20_0, 0, 1;
    %jmp T_1.1;
T_1.0 ;
    %pushi/vec4 0, 0, 1;
    %store/vec4 v0x55c56141ad20_0, 0, 1;
T_1.1 ;
    %load/vec4 v0x55c56141aac0_0;
    %pad/u 32;
    %pushi/vec4 1, 0, 32;
    %cmp/e;
    %flag_get/vec4 4;
    %load/vec4 v0x55c56141abb0_0;
    %pad/u 32;
    %pushi/vec4 1, 0, 32;
    %cmp/e;
    %flag_get/vec4 4;
    %and;
    %flag_set/vec4 8;
    %jmp/0xz  T_1.2, 8;
    %pushi/vec4 1, 0, 1;
    %store/vec4 v0x55c56141ac50_0, 0, 1;
    %jmp T_1.3;
T_1.2 ;
    %pushi/vec4 0, 0, 1;
    %store/vec4 v0x55c56141ac50_0, 0, 1;
T_1.3 ;
    %jmp T_1;
    .thread T_1, $push;
    .scope S_0x55c5614019b0;
T_2 ;
    %wait E_0x55c561400aa0;
    %load/vec4 v0x55c56141b510_0;
    %store/vec4 v0x55c56141b380_0, 0, 1;
    %load/vec4 v0x55c56141b0f0_0;
    %load/vec4 v0x55c56141b1c0_0;
    %or;
    %store/vec4 v0x55c56141b020_0, 0, 1;
    %jmp T_2;
    .thread T_2, $push;
    .scope S_0x55c561401830;
T_3 ;
    %pushi/vec4 0, 0, 1;
    %store/vec4 v0x55c56141b5e0_0, 0, 1;
    %pushi/vec4 0, 0, 1;
    %store/vec4 v0x55c56141b6a0_0, 0, 1;
    %pushi/vec4 0, 0, 1;
    %store/vec4 v0x55c56141b850_0, 0, 1;
    %delay 1, 0;
    %pushi/vec4 0, 0, 1;
    %store/vec4 v0x55c56141b5e0_0, 0, 1;
    %pushi/vec4 0, 0, 1;
    %store/vec4 v0x55c56141b6a0_0, 0, 1;
    %pushi/vec4 1, 0, 1;
    %store/vec4 v0x55c56141b850_0, 0, 1;
    %delay 1, 0;
    %pushi/vec4 0, 0, 1;
    %store/vec4 v0x55c56141b5e0_0, 0, 1;
    %pushi/vec4 1, 0, 1;
    %store/vec4 v0x55c56141b6a0_0, 0, 1;
    %pushi/vec4 0, 0, 1;
    %store/vec4 v0x55c56141b850_0, 0, 1;
    %delay 1, 0;
    %pushi/vec4 0, 0, 1;
    %store/vec4 v0x55c56141b5e0_0, 0, 1;
    %pushi/vec4 1, 0, 1;
    %store/vec4 v0x55c56141b6a0_0, 0, 1;
    %pushi/vec4 1, 0, 1;
    %store/vec4 v0x55c56141b850_0, 0, 1;
    %delay 1, 0;
    %pushi/vec4 1, 0, 1;
    %store/vec4 v0x55c56141b5e0_0, 0, 1;
    %pushi/vec4 0, 0, 1;
    %store/vec4 v0x55c56141b6a0_0, 0, 1;
    %pushi/vec4 0, 0, 1;
    %store/vec4 v0x55c56141b850_0, 0, 1;
    %delay 1, 0;
    %pushi/vec4 1, 0, 1;
    %store/vec4 v0x55c56141b5e0_0, 0, 1;
    %pushi/vec4 0, 0, 1;
    %store/vec4 v0x55c56141b6a0_0, 0, 1;
    %pushi/vec4 1, 0, 1;
    %store/vec4 v0x55c56141b850_0, 0, 1;
    %delay 1, 0;
    %pushi/vec4 1, 0, 1;
    %store/vec4 v0x55c56141b5e0_0, 0, 1;
    %pushi/vec4 1, 0, 1;
    %store/vec4 v0x55c56141b6a0_0, 0, 1;
    %pushi/vec4 0, 0, 1;
    %store/vec4 v0x55c56141b850_0, 0, 1;
    %delay 1, 0;
    %pushi/vec4 1, 0, 1;
    %store/vec4 v0x55c56141b5e0_0, 0, 1;
    %pushi/vec4 1, 0, 1;
    %store/vec4 v0x55c56141b6a0_0, 0, 1;
    %pushi/vec4 1, 0, 1;
    %store/vec4 v0x55c56141b850_0, 0, 1;
    %end;
    .thread T_3;
    .scope S_0x55c561401830;
T_4 ;
    %vpi_call 2 17 "$display", "Full Adder Truth Table" {0 0 0};
    %vpi_call 2 18 "$monitor", "%t |A = %d|B = %d|Cin = %d|S = %d|C = %d", $time, v0x55c56141b5e0_0, v0x55c56141b6a0_0, v0x55c56141b850_0, v0x55c56141b940_0, v0x55c56141b7b0_0 {0 0 0};
    %end;
    .thread T_4;
# The file index is used to find the file name in the following table.
:file_names 5;
    "N/A";
    "<interactive>";
    "full_adder_tb.v";
    "./full_adder1.v";
    "./../9.half_adder/half_adder.v";
