#! /usr/bin/vvp
:ivl_version "10.3 (stable)";
:ivl_delay_selection "TYPICAL";
:vpi_time_precision + 0;
:vpi_module "system";
:vpi_module "vhdl_sys";
:vpi_module "v2005_math";
:vpi_module "va_math";
S_0x55622ba229c0 .scope module, "async_dec_tb" "async_dec_tb" 2 2;
 .timescale 0 0;
v0x55622ba3fb10_0 .net "Y0", 0 0, v0x55622ba251c0_0;  1 drivers
v0x55622ba3fbd0_0 .net "Y1", 0 0, v0x55622ba3e400_0;  1 drivers
v0x55622ba3fc90_0 .net "Y2", 0 0, v0x55622ba3e9f0_0;  1 drivers
v0x55622ba3fd30_0 .net "Y3", 0 0, v0x55622ba3f040_0;  1 drivers
v0x55622ba3fdd0_0 .var "clear", 0 0;
v0x55622ba3fec0_0 .var "clock", 0 0;
v0x55622ba3ffb0_0 .var "counter", 0 4;
S_0x55622ba22b40 .scope module, "i" "async_dec" 2 6, 3 2 0, S_0x55622ba229c0;
 .timescale 0 0;
    .port_info 0 /OUTPUT 1 "Q0"
    .port_info 1 /OUTPUT 1 "Q1"
    .port_info 2 /OUTPUT 1 "Q2"
    .port_info 3 /OUTPUT 1 "Q3"
    .port_info 4 /INPUT 1 "clock"
    .port_info 5 /INPUT 1 "clear_in"
L_0x55622ba40050 .functor AND 1, v0x55622ba3f040_0, v0x55622ba3e400_0, C4<1>, C4<1>;
L_0x55622ba400c0 .functor OR 1, v0x55622ba3fdd0_0, L_0x55622ba40050, C4<0>, C4<0>;
v0x55622ba3f3f0_0 .net "Q0", 0 0, v0x55622ba251c0_0;  alias, 1 drivers
v0x55622ba3f500_0 .net "Q1", 0 0, v0x55622ba3e400_0;  alias, 1 drivers
v0x55622ba3f610_0 .net "Q2", 0 0, v0x55622ba3e9f0_0;  alias, 1 drivers
v0x55622ba3f700_0 .net "Q3", 0 0, v0x55622ba3f040_0;  alias, 1 drivers
v0x55622ba3f7a0_0 .net *"_s0", 0 0, L_0x55622ba40050;  1 drivers
v0x55622ba3f890_0 .net "clear", 0 0, L_0x55622ba400c0;  1 drivers
v0x55622ba3f930_0 .net "clear_in", 0 0, v0x55622ba3fdd0_0;  1 drivers
v0x55622ba3f9d0_0 .net "clock", 0 0, v0x55622ba3fec0_0;  1 drivers
S_0x55622ba24ff0 .scope module, "a" "T_flip" 3 6, 4 1 0, S_0x55622ba22b40;
 .timescale 0 0;
    .port_info 0 /OUTPUT 1 "Q"
    .port_info 1 /INPUT 1 "clear"
    .port_info 2 /INPUT 1 "clock"
    .port_info 3 /INPUT 1 "T"
v0x55622ba251c0_0 .var "Q", 0 0;
L_0x7f7699a5c018 .functor BUFT 1, C4<1>, C4<0>, C4<0>, C4<0>;
v0x55622ba3df50_0 .net "T", 0 0, L_0x7f7699a5c018;  1 drivers
v0x55622ba3e010_0 .net "clear", 0 0, L_0x55622ba400c0;  alias, 1 drivers
v0x55622ba3e0b0_0 .net "clock", 0 0, v0x55622ba3fec0_0;  alias, 1 drivers
E_0x55622b9ec730/0 .event negedge, v0x55622ba3e0b0_0;
E_0x55622b9ec730/1 .event posedge, v0x55622ba3e010_0;
E_0x55622b9ec730 .event/or E_0x55622b9ec730/0, E_0x55622b9ec730/1;
S_0x55622ba3e1f0 .scope module, "b" "T_flip" 3 7, 4 1 0, S_0x55622ba22b40;
 .timescale 0 0;
    .port_info 0 /OUTPUT 1 "Q"
    .port_info 1 /INPUT 1 "clear"
    .port_info 2 /INPUT 1 "clock"
    .port_info 3 /INPUT 1 "T"
v0x55622ba3e400_0 .var "Q", 0 0;
L_0x7f7699a5c060 .functor BUFT 1, C4<1>, C4<0>, C4<0>, C4<0>;
v0x55622ba3e4e0_0 .net "T", 0 0, L_0x7f7699a5c060;  1 drivers
v0x55622ba3e5a0_0 .net "clear", 0 0, L_0x55622ba400c0;  alias, 1 drivers
v0x55622ba3e640_0 .net "clock", 0 0, v0x55622ba251c0_0;  alias, 1 drivers
E_0x55622ba215d0/0 .event negedge, v0x55622ba251c0_0;
E_0x55622ba215d0/1 .event posedge, v0x55622ba3e010_0;
E_0x55622ba215d0 .event/or E_0x55622ba215d0/0, E_0x55622ba215d0/1;
S_0x55622ba3e760 .scope module, "c" "T_flip" 3 8, 4 1 0, S_0x55622ba22b40;
 .timescale 0 0;
    .port_info 0 /OUTPUT 1 "Q"
    .port_info 1 /INPUT 1 "clear"
    .port_info 2 /INPUT 1 "clock"
    .port_info 3 /INPUT 1 "T"
v0x55622ba3e9f0_0 .var "Q", 0 0;
L_0x7f7699a5c0a8 .functor BUFT 1, C4<1>, C4<0>, C4<0>, C4<0>;
v0x55622ba3ead0_0 .net "T", 0 0, L_0x7f7699a5c0a8;  1 drivers
v0x55622ba3eb90_0 .net "clear", 0 0, L_0x55622ba400c0;  alias, 1 drivers
v0x55622ba3ecb0_0 .net "clock", 0 0, v0x55622ba3e400_0;  alias, 1 drivers
E_0x55622b9ec970/0 .event negedge, v0x55622ba3e400_0;
E_0x55622b9ec970/1 .event posedge, v0x55622ba3e010_0;
E_0x55622b9ec970 .event/or E_0x55622b9ec970/0, E_0x55622b9ec970/1;
S_0x55622ba3edc0 .scope module, "d" "T_flip" 3 9, 4 1 0, S_0x55622ba22b40;
 .timescale 0 0;
    .port_info 0 /OUTPUT 1 "Q"
    .port_info 1 /INPUT 1 "clear"
    .port_info 2 /INPUT 1 "clock"
    .port_info 3 /INPUT 1 "T"
v0x55622ba3f040_0 .var "Q", 0 0;
L_0x7f7699a5c0f0 .functor BUFT 1, C4<1>, C4<0>, C4<0>, C4<0>;
v0x55622ba3f120_0 .net "T", 0 0, L_0x7f7699a5c0f0;  1 drivers
v0x55622ba3f1e0_0 .net "clear", 0 0, L_0x55622ba400c0;  alias, 1 drivers
v0x55622ba3f2b0_0 .net "clock", 0 0, v0x55622ba3e9f0_0;  alias, 1 drivers
E_0x55622ba213f0/0 .event negedge, v0x55622ba3e9f0_0;
E_0x55622ba213f0/1 .event posedge, v0x55622ba3e010_0;
E_0x55622ba213f0 .event/or E_0x55622ba213f0/0, E_0x55622ba213f0/1;
    .scope S_0x55622ba24ff0;
T_0 ;
    %wait E_0x55622b9ec730;
    %load/vec4 v0x55622ba3e010_0;
    %pad/u 32;
    %cmpi/e 1, 0, 32;
    %jmp/0xz  T_0.0, 4;
    %pushi/vec4 0, 0, 1;
    %store/vec4 v0x55622ba251c0_0, 0, 1;
    %jmp T_0.1;
T_0.0 ;
    %load/vec4 v0x55622ba251c0_0;
    %load/vec4 v0x55622ba3df50_0;
    %xor;
    %store/vec4 v0x55622ba251c0_0, 0, 1;
T_0.1 ;
    %jmp T_0;
    .thread T_0;
    .scope S_0x55622ba24ff0;
T_1 ;
    %pushi/vec4 0, 0, 1;
    %store/vec4 v0x55622ba251c0_0, 0, 1;
    %end;
    .thread T_1;
    .scope S_0x55622ba3e1f0;
T_2 ;
    %wait E_0x55622ba215d0;
    %load/vec4 v0x55622ba3e5a0_0;
    %pad/u 32;
    %cmpi/e 1, 0, 32;
    %jmp/0xz  T_2.0, 4;
    %pushi/vec4 0, 0, 1;
    %store/vec4 v0x55622ba3e400_0, 0, 1;
    %jmp T_2.1;
T_2.0 ;
    %load/vec4 v0x55622ba3e400_0;
    %load/vec4 v0x55622ba3e4e0_0;
    %xor;
    %store/vec4 v0x55622ba3e400_0, 0, 1;
T_2.1 ;
    %jmp T_2;
    .thread T_2;
    .scope S_0x55622ba3e1f0;
T_3 ;
    %pushi/vec4 0, 0, 1;
    %store/vec4 v0x55622ba3e400_0, 0, 1;
    %end;
    .thread T_3;
    .scope S_0x55622ba3e760;
T_4 ;
    %wait E_0x55622b9ec970;
    %load/vec4 v0x55622ba3eb90_0;
    %pad/u 32;
    %cmpi/e 1, 0, 32;
    %jmp/0xz  T_4.0, 4;
    %pushi/vec4 0, 0, 1;
    %store/vec4 v0x55622ba3e9f0_0, 0, 1;
    %jmp T_4.1;
T_4.0 ;
    %load/vec4 v0x55622ba3e9f0_0;
    %load/vec4 v0x55622ba3ead0_0;
    %xor;
    %store/vec4 v0x55622ba3e9f0_0, 0, 1;
T_4.1 ;
    %jmp T_4;
    .thread T_4;
    .scope S_0x55622ba3e760;
T_5 ;
    %pushi/vec4 0, 0, 1;
    %store/vec4 v0x55622ba3e9f0_0, 0, 1;
    %end;
    .thread T_5;
    .scope S_0x55622ba3edc0;
T_6 ;
    %wait E_0x55622ba213f0;
    %load/vec4 v0x55622ba3f1e0_0;
    %pad/u 32;
    %cmpi/e 1, 0, 32;
    %jmp/0xz  T_6.0, 4;
    %pushi/vec4 0, 0, 1;
    %store/vec4 v0x55622ba3f040_0, 0, 1;
    %jmp T_6.1;
T_6.0 ;
    %load/vec4 v0x55622ba3f040_0;
    %load/vec4 v0x55622ba3f120_0;
    %xor;
    %store/vec4 v0x55622ba3f040_0, 0, 1;
T_6.1 ;
    %jmp T_6;
    .thread T_6;
    .scope S_0x55622ba3edc0;
T_7 ;
    %pushi/vec4 0, 0, 1;
    %store/vec4 v0x55622ba3f040_0, 0, 1;
    %end;
    .thread T_7;
    .scope S_0x55622ba229c0;
T_8 ;
    %pushi/vec4 0, 0, 1;
    %store/vec4 v0x55622ba3fec0_0, 0, 1;
    %pushi/vec4 1, 0, 1;
    %store/vec4 v0x55622ba3fdd0_0, 0, 1;
    %pushi/vec4 0, 0, 5;
    %store/vec4 v0x55622ba3ffb0_0, 0, 5;
    %delay 1, 0;
    %pushi/vec4 0, 0, 1;
    %store/vec4 v0x55622ba3fdd0_0, 0, 1;
T_8.0 ;
    %load/vec4 v0x55622ba3ffb0_0;
    %pad/u 32;
    %cmpi/u 30, 0, 32;
    %flag_or 5, 4;
    %jmp/0xz T_8.1, 5;
    %delay 1, 0;
    %load/vec4 v0x55622ba3ffb0_0;
    %pushi/vec4 1, 0, 5;
    %add;
    %store/vec4 v0x55622ba3ffb0_0, 0, 5;
    %load/vec4 v0x55622ba3ffb0_0;
    %pushi/vec4 1, 0, 5;
    %and;
    %pad/u 1;
    %store/vec4 v0x55622ba3fec0_0, 0, 1;
    %jmp T_8.0;
T_8.1 ;
    %end;
    .thread T_8;
    .scope S_0x55622ba229c0;
T_9 ;
    %vpi_call 2 16 "$monitor", "%t | Y3 = %d | Y2 = %d | Y1 = %d | Y0 = %d clear=%d", $time, v0x55622ba3fd30_0, v0x55622ba3fc90_0, v0x55622ba3fbd0_0, v0x55622ba3fb10_0, v0x55622ba3fdd0_0 {0 0 0};
    %vpi_call 2 17 "$dumpfile", "async.vcd" {0 0 0};
    %vpi_call 2 18 "$dumpvars" {0 0 0};
    %end;
    .thread T_9;
# The file index is used to find the file name in the following table.
:file_names 5;
    "N/A";
    "<interactive>";
    "async_dec_tb.v";
    "./async_dec.v";
    "./T_flip.v";
