#! /usr/bin/vvp
:ivl_version "10.3 (stable)";
:ivl_delay_selection "TYPICAL";
:vpi_time_precision + 0;
:vpi_module "system";
:vpi_module "vhdl_sys";
:vpi_module "v2005_math";
:vpi_module "va_math";
S_0x564961515080 .scope module, "half_adder_tb" "half_adder_tb" 2 2;
 .timescale 0 0;
v0x564961527cf0_0 .var "A", 0 0;
v0x564961527db0_0 .var "B", 0 0;
v0x564961527e80_0 .net "C", 0 0, v0x564961527ab0_0;  1 drivers
v0x564961527f80_0 .net "S", 0 0, v0x564961527b80_0;  1 drivers
S_0x564961515200 .scope module, "hf" "half" 2 5, 3 1 0, S_0x564961515080;
 .timescale 0 0;
    .port_info 0 /OUTPUT 1 "S"
    .port_info 1 /OUTPUT 1 "C"
    .port_info 2 /INPUT 1 "A"
    .port_info 3 /INPUT 1 "B"
v0x5649614de070_0 .net "A", 0 0, v0x564961527cf0_0;  1 drivers
v0x5649615279f0_0 .net "B", 0 0, v0x564961527db0_0;  1 drivers
v0x564961527ab0_0 .var "C", 0 0;
v0x564961527b80_0 .var "S", 0 0;
E_0x5649615133f0 .event edge, v0x5649614de070_0, v0x5649615279f0_0;
    .scope S_0x564961515200;
T_0 ;
    %wait E_0x5649615133f0;
    %load/vec4 v0x5649614de070_0;
    %load/vec4 v0x5649615279f0_0;
    %cmp/ne;
    %jmp/0xz  T_0.0, 4;
    %pushi/vec4 1, 0, 1;
    %store/vec4 v0x564961527b80_0, 0, 1;
    %jmp T_0.1;
T_0.0 ;
    %pushi/vec4 0, 0, 1;
    %store/vec4 v0x564961527b80_0, 0, 1;
T_0.1 ;
    %load/vec4 v0x5649614de070_0;
    %pad/u 32;
    %pushi/vec4 1, 0, 32;
    %cmp/e;
    %flag_get/vec4 4;
    %load/vec4 v0x5649615279f0_0;
    %pad/u 32;
    %pushi/vec4 1, 0, 32;
    %cmp/e;
    %flag_get/vec4 4;
    %and;
    %flag_set/vec4 8;
    %jmp/0xz  T_0.2, 8;
    %pushi/vec4 1, 0, 1;
    %store/vec4 v0x564961527ab0_0, 0, 1;
    %jmp T_0.3;
T_0.2 ;
    %pushi/vec4 0, 0, 1;
    %store/vec4 v0x564961527ab0_0, 0, 1;
T_0.3 ;
    %jmp T_0;
    .thread T_0, $push;
    .scope S_0x564961515080;
T_1 ;
    %pushi/vec4 0, 0, 1;
    %store/vec4 v0x564961527cf0_0, 0, 1;
    %pushi/vec4 0, 0, 1;
    %store/vec4 v0x564961527db0_0, 0, 1;
    %delay 1, 0;
    %pushi/vec4 0, 0, 1;
    %store/vec4 v0x564961527cf0_0, 0, 1;
    %pushi/vec4 1, 0, 1;
    %store/vec4 v0x564961527db0_0, 0, 1;
    %delay 1, 0;
    %pushi/vec4 1, 0, 1;
    %store/vec4 v0x564961527cf0_0, 0, 1;
    %pushi/vec4 0, 0, 1;
    %store/vec4 v0x564961527db0_0, 0, 1;
    %delay 1, 0;
    %pushi/vec4 1, 0, 1;
    %store/vec4 v0x564961527cf0_0, 0, 1;
    %pushi/vec4 1, 0, 1;
    %store/vec4 v0x564961527db0_0, 0, 1;
    %end;
    .thread T_1;
    .scope S_0x564961515080;
T_2 ;
    %vpi_call 2 13 "$display", "Half Adder Truth Table" {0 0 0};
    %vpi_call 2 14 "$monitor", "%t |A = %d|B = %d|S = %d|C = %d", $time, v0x564961527cf0_0, v0x564961527db0_0, v0x564961527f80_0, v0x564961527e80_0 {0 0 0};
    %end;
    .thread T_2;
# The file index is used to find the file name in the following table.
:file_names 4;
    "N/A";
    "<interactive>";
    "half_adder_tb.v";
    "./half_adder.v";
