#! /usr/bin/vvp
:ivl_version "10.3 (stable)";
:ivl_delay_selection "TYPICAL";
:vpi_time_precision + 0;
:vpi_module "system";
:vpi_module "vhdl_sys";
:vpi_module "v2005_math";
:vpi_module "va_math";
S_0x5572c3c21040 .scope module, "program1_tb" "program1_tb" 2 2;
 .timescale 0 0;
v0x5572c3c328f0_0 .var "A", 0 0;
v0x5572c3c329c0_0 .var "B", 0 0;
v0x5572c3c32a90_0 .net "Y", 0 0, v0x5572c3c327d0_0;  1 drivers
S_0x5572c3c211c0 .scope module, "ag" "and_gate" 2 5, 3 1 0, S_0x5572c3c21040;
 .timescale 0 0;
    .port_info 0 /OUTPUT 1 "Y"
    .port_info 1 /INPUT 1 "A"
    .port_info 2 /INPUT 1 "B"
v0x5572c3c213b0_0 .net "A", 0 0, v0x5572c3c328f0_0;  1 drivers
v0x5572c3c32710_0 .net "B", 0 0, v0x5572c3c329c0_0;  1 drivers
v0x5572c3c327d0_0 .var "Y", 0 0;
E_0x5572c3c21810 .event edge, v0x5572c3c32710_0, v0x5572c3c213b0_0;
    .scope S_0x5572c3c211c0;
T_0 ;
    %wait E_0x5572c3c21810;
    %load/vec4 v0x5572c3c213b0_0;
    %pad/u 32;
    %pushi/vec4 1, 0, 32;
    %cmp/e;
    %flag_get/vec4 4;
    %load/vec4 v0x5572c3c32710_0;
    %pad/u 32;
    %pushi/vec4 1, 0, 32;
    %cmp/e;
    %flag_get/vec4 4;
    %and;
    %flag_set/vec4 8;
    %jmp/0xz  T_0.0, 8;
    %pushi/vec4 1, 0, 1;
    %store/vec4 v0x5572c3c327d0_0, 0, 1;
    %jmp T_0.1;
T_0.0 ;
    %pushi/vec4 0, 0, 1;
    %store/vec4 v0x5572c3c327d0_0, 0, 1;
T_0.1 ;
    %jmp T_0;
    .thread T_0, $push;
    .scope S_0x5572c3c21040;
T_1 ;
    %pushi/vec4 0, 0, 1;
    %store/vec4 v0x5572c3c328f0_0, 0, 1;
    %pushi/vec4 0, 0, 1;
    %store/vec4 v0x5572c3c329c0_0, 0, 1;
    %delay 1, 0;
    %pushi/vec4 0, 0, 1;
    %store/vec4 v0x5572c3c328f0_0, 0, 1;
    %pushi/vec4 1, 0, 1;
    %store/vec4 v0x5572c3c329c0_0, 0, 1;
    %delay 1, 0;
    %pushi/vec4 1, 0, 1;
    %store/vec4 v0x5572c3c328f0_0, 0, 1;
    %pushi/vec4 0, 0, 1;
    %store/vec4 v0x5572c3c329c0_0, 0, 1;
    %delay 1, 0;
    %pushi/vec4 1, 0, 1;
    %store/vec4 v0x5572c3c328f0_0, 0, 1;
    %pushi/vec4 1, 0, 1;
    %store/vec4 v0x5572c3c329c0_0, 0, 1;
    %end;
    .thread T_1;
    .scope S_0x5572c3c21040;
T_2 ;
    %vpi_call 2 13 "$monitor", "%t | A= %d | B= %d | Y= %d", $time, v0x5572c3c328f0_0, v0x5572c3c329c0_0, v0x5572c3c32a90_0 {0 0 0};
    %end;
    .thread T_2;
# The file index is used to find the file name in the following table.
:file_names 4;
    "N/A";
    "<interactive>";
    "program1_tb.v";
    "./program1.v";
