#! /usr/bin/vvp
:ivl_version "10.3 (stable)";
:ivl_delay_selection "TYPICAL";
:vpi_time_precision + 0;
:vpi_module "system";
:vpi_module "vhdl_sys";
:vpi_module "v2005_math";
:vpi_module "va_math";
S_0x562f0cf42160 .scope module, "or_gate" "or_gate" 2 1;
 .timescale 0 0;
    .port_info 0 /OUTPUT 1 "Y"
    .port_info 1 /INPUT 1 "A"
    .port_info 2 /INPUT 1 "B"
o0x7fadf096b018 .functor BUFZ 1, C4<z>; HiZ drive
v0x562f0cf42370_0 .net "A", 0 0, o0x7fadf096b018;  0 drivers
o0x7fadf096b048 .functor BUFZ 1, C4<z>; HiZ drive
v0x562f0cf84c60_0 .net "B", 0 0, o0x7fadf096b048;  0 drivers
v0x562f0cf84d20_0 .var "Y", 0 0;
E_0x562f0cf42af0 .event edge, v0x562f0cf84c60_0, v0x562f0cf42370_0;
    .scope S_0x562f0cf42160;
T_0 ;
    %wait E_0x562f0cf42af0;
    %load/vec4 v0x562f0cf42370_0;
    %pad/u 32;
    %pushi/vec4 0, 0, 32;
    %cmp/e;
    %flag_get/vec4 4;
    %load/vec4 v0x562f0cf84c60_0;
    %pad/u 32;
    %pushi/vec4 0, 0, 32;
    %cmp/e;
    %flag_get/vec4 4;
    %and;
    %flag_set/vec4 8;
    %jmp/0xz  T_0.0, 8;
    %pushi/vec4 0, 0, 1;
    %store/vec4 v0x562f0cf84d20_0, 0, 1;
    %jmp T_0.1;
T_0.0 ;
    %pushi/vec4 1, 0, 1;
    %store/vec4 v0x562f0cf84d20_0, 0, 1;
T_0.1 ;
    %jmp T_0;
    .thread T_0, $push;
# The file index is used to find the file name in the following table.
:file_names 3;
    "N/A";
    "<interactive>";
    "program4.v";
