#! /usr/bin/vvp
:ivl_version "10.3 (stable)";
:ivl_delay_selection "TYPICAL";
:vpi_time_precision + 0;
:vpi_module "system";
:vpi_module "vhdl_sys";
:vpi_module "v2005_math";
:vpi_module "va_math";
S_0x5597d474c4c0 .scope module, "demuxtest" "demuxtest" 2 3;
 .timescale 0 0;
v0x5597d4761800_0 .net "A", 0 0, v0x5597d4713140_0;  1 drivers
v0x5597d47618c0_0 .net "B", 0 0, v0x5597d4761270_0;  1 drivers
v0x5597d4761990_0 .net "C", 0 0, v0x5597d4761330_0;  1 drivers
v0x5597d4761a90_0 .net "D", 0 0, v0x5597d47613d0_0;  1 drivers
v0x5597d4761b60_0 .var "in", 0 0;
v0x5597d4761c50_0 .var "s1", 0 0;
v0x5597d4761d20_0 .var "s2", 0 0;
S_0x5597d474c640 .scope module, "i" "demux" 2 6, 3 1 0, S_0x5597d474c4c0;
 .timescale 0 0;
    .port_info 0 /OUTPUT 1 "A"
    .port_info 1 /OUTPUT 1 "B"
    .port_info 2 /OUTPUT 1 "C"
    .port_info 3 /OUTPUT 1 "D"
    .port_info 4 /INPUT 1 "in"
    .port_info 5 /INPUT 1 "s1"
    .port_info 6 /INPUT 1 "s2"
v0x5597d4713140_0 .var "A", 0 0;
v0x5597d4761270_0 .var "B", 0 0;
v0x5597d4761330_0 .var "C", 0 0;
v0x5597d47613d0_0 .var "D", 0 0;
v0x5597d4761490_0 .net "in", 0 0, v0x5597d4761b60_0;  1 drivers
v0x5597d47615a0_0 .net "s1", 0 0, v0x5597d4761c50_0;  1 drivers
v0x5597d4761660_0 .net "s2", 0 0, v0x5597d4761d20_0;  1 drivers
E_0x5597d47489b0 .event edge, v0x5597d4761660_0, v0x5597d47615a0_0, v0x5597d4761490_0;
    .scope S_0x5597d474c640;
T_0 ;
    %wait E_0x5597d47489b0;
    %load/vec4 v0x5597d47615a0_0;
    %pushi/vec4 0, 0, 1;
    %cmp/e;
    %flag_get/vec4 4;
    %load/vec4 v0x5597d4761660_0;
    %pushi/vec4 0, 0, 1;
    %cmp/e;
    %flag_get/vec4 4;
    %and;
    %flag_set/vec4 8;
    %jmp/0xz  T_0.0, 8;
    %load/vec4 v0x5597d4761490_0;
    %cassign/vec4 v0x5597d4713140_0;
    %cassign/link v0x5597d4713140_0, v0x5597d4761490_0;
    %pushi/vec4 0, 0, 1;
    %cassign/vec4 v0x5597d4761270_0;
    %pushi/vec4 0, 0, 1;
    %cassign/vec4 v0x5597d4761330_0;
    %pushi/vec4 0, 0, 1;
    %cassign/vec4 v0x5597d47613d0_0;
    %jmp T_0.1;
T_0.0 ;
    %load/vec4 v0x5597d47615a0_0;
    %pushi/vec4 0, 0, 1;
    %cmp/e;
    %flag_get/vec4 4;
    %load/vec4 v0x5597d4761660_0;
    %pushi/vec4 1, 0, 1;
    %cmp/e;
    %flag_get/vec4 4;
    %and;
    %flag_set/vec4 8;
    %jmp/0xz  T_0.2, 8;
    %load/vec4 v0x5597d4761490_0;
    %cassign/vec4 v0x5597d4761270_0;
    %cassign/link v0x5597d4761270_0, v0x5597d4761490_0;
    %pushi/vec4 0, 0, 1;
    %cassign/vec4 v0x5597d4713140_0;
    %pushi/vec4 0, 0, 1;
    %cassign/vec4 v0x5597d4761330_0;
    %pushi/vec4 0, 0, 1;
    %cassign/vec4 v0x5597d47613d0_0;
    %jmp T_0.3;
T_0.2 ;
    %load/vec4 v0x5597d47615a0_0;
    %pushi/vec4 1, 0, 1;
    %cmp/e;
    %flag_get/vec4 4;
    %load/vec4 v0x5597d4761660_0;
    %pushi/vec4 0, 0, 1;
    %cmp/e;
    %flag_get/vec4 4;
    %and;
    %flag_set/vec4 8;
    %jmp/0xz  T_0.4, 8;
    %load/vec4 v0x5597d4761490_0;
    %cassign/vec4 v0x5597d4761330_0;
    %cassign/link v0x5597d4761330_0, v0x5597d4761490_0;
    %pushi/vec4 0, 0, 1;
    %cassign/vec4 v0x5597d4713140_0;
    %pushi/vec4 0, 0, 1;
    %cassign/vec4 v0x5597d4761270_0;
    %pushi/vec4 0, 0, 1;
    %cassign/vec4 v0x5597d47613d0_0;
    %jmp T_0.5;
T_0.4 ;
    %load/vec4 v0x5597d47615a0_0;
    %pushi/vec4 1, 0, 1;
    %cmp/e;
    %flag_get/vec4 4;
    %load/vec4 v0x5597d4761660_0;
    %pushi/vec4 1, 0, 1;
    %cmp/e;
    %flag_get/vec4 4;
    %and;
    %flag_set/vec4 8;
    %jmp/0xz  T_0.6, 8;
    %load/vec4 v0x5597d4761490_0;
    %cassign/vec4 v0x5597d47613d0_0;
    %cassign/link v0x5597d47613d0_0, v0x5597d4761490_0;
    %pushi/vec4 0, 0, 1;
    %cassign/vec4 v0x5597d4713140_0;
    %pushi/vec4 0, 0, 1;
    %cassign/vec4 v0x5597d4761270_0;
    %pushi/vec4 0, 0, 1;
    %cassign/vec4 v0x5597d4761330_0;
T_0.6 ;
T_0.5 ;
T_0.3 ;
T_0.1 ;
    %jmp T_0;
    .thread T_0, $push;
    .scope S_0x5597d474c4c0;
T_1 ;
    %pushi/vec4 1, 0, 1;
    %store/vec4 v0x5597d4761b60_0, 0, 1;
    %pushi/vec4 0, 0, 1;
    %store/vec4 v0x5597d4761c50_0, 0, 1;
    %pushi/vec4 0, 0, 1;
    %store/vec4 v0x5597d4761d20_0, 0, 1;
    %delay 1, 0;
    %pushi/vec4 1, 0, 1;
    %store/vec4 v0x5597d4761b60_0, 0, 1;
    %pushi/vec4 0, 0, 1;
    %store/vec4 v0x5597d4761c50_0, 0, 1;
    %pushi/vec4 1, 0, 1;
    %store/vec4 v0x5597d4761d20_0, 0, 1;
    %delay 1, 0;
    %pushi/vec4 1, 0, 1;
    %store/vec4 v0x5597d4761b60_0, 0, 1;
    %pushi/vec4 1, 0, 1;
    %store/vec4 v0x5597d4761c50_0, 0, 1;
    %pushi/vec4 0, 0, 1;
    %store/vec4 v0x5597d4761d20_0, 0, 1;
    %delay 1, 0;
    %pushi/vec4 1, 0, 1;
    %store/vec4 v0x5597d4761b60_0, 0, 1;
    %pushi/vec4 1, 0, 1;
    %store/vec4 v0x5597d4761c50_0, 0, 1;
    %pushi/vec4 1, 0, 1;
    %store/vec4 v0x5597d4761d20_0, 0, 1;
    %end;
    .thread T_1;
    .scope S_0x5597d474c4c0;
T_2 ;
    %vpi_call 2 14 "$monitor", "%t in=%d S1=%d S2=%d A=%d B=%d C=%d D=%d", $time, v0x5597d4761b60_0, v0x5597d4761c50_0, v0x5597d4761d20_0, v0x5597d4761800_0, v0x5597d47618c0_0, v0x5597d4761990_0, v0x5597d4761a90_0 {0 0 0};
    %end;
    .thread T_2;
# The file index is used to find the file name in the following table.
:file_names 4;
    "N/A";
    "<interactive>";
    "demuxtest.v";
    "./demux.v";
