#! /usr/bin/vvp
:ivl_version "10.3 (stable)";
:ivl_delay_selection "TYPICAL";
:vpi_time_precision + 0;
:vpi_module "system";
:vpi_module "vhdl_sys";
:vpi_module "v2005_math";
:vpi_module "va_math";
S_0x55704c183b30 .scope module, "muxTest" "muxTest" 2 3;
 .timescale 0 0;
v0x55704c19a620_0 .var "A", 0 0;
v0x55704c19a6e0_0 .var "B", 0 0;
v0x55704c19a7b0_0 .var "C", 0 0;
v0x55704c19a8b0_0 .var "D", 0 0;
v0x55704c19a980_0 .net "Y", 0 0, v0x55704c19a2b0_0;  1 drivers
v0x55704c19aa70_0 .var "sel1", 0 0;
v0x55704c19ab40_0 .var "sel2", 0 0;
S_0x55704c183cb0 .scope module, "i" "Mux" 2 6, 3 1 0, S_0x55704c183b30;
 .timescale 0 0;
    .port_info 0 /OUTPUT 1 "q"
    .port_info 1 /INPUT 1 "A"
    .port_info 2 /INPUT 1 "B"
    .port_info 3 /INPUT 1 "C"
    .port_info 4 /INPUT 1 "D"
    .port_info 5 /INPUT 1 "sel1"
    .port_info 6 /INPUT 1 "sel2"
v0x55704c14c120_0 .net "A", 0 0, v0x55704c19a620_0;  1 drivers
v0x55704c19a090_0 .net "B", 0 0, v0x55704c19a6e0_0;  1 drivers
v0x55704c19a150_0 .net "C", 0 0, v0x55704c19a7b0_0;  1 drivers
v0x55704c19a1f0_0 .net "D", 0 0, v0x55704c19a8b0_0;  1 drivers
v0x55704c19a2b0_0 .var "q", 0 0;
v0x55704c19a3c0_0 .net "sel1", 0 0, v0x55704c19aa70_0;  1 drivers
v0x55704c19a480_0 .net "sel2", 0 0, v0x55704c19ab40_0;  1 drivers
E_0x55704c1819b0/0 .event edge, v0x55704c19a480_0, v0x55704c19a3c0_0, v0x55704c19a1f0_0, v0x55704c19a150_0;
E_0x55704c1819b0/1 .event edge, v0x55704c19a090_0, v0x55704c14c120_0;
E_0x55704c1819b0 .event/or E_0x55704c1819b0/0, E_0x55704c1819b0/1;
    .scope S_0x55704c183cb0;
T_0 ;
    %wait E_0x55704c1819b0;
    %load/vec4 v0x55704c19a3c0_0;
    %pushi/vec4 0, 0, 1;
    %cmp/e;
    %flag_get/vec4 4;
    %load/vec4 v0x55704c19a480_0;
    %pushi/vec4 0, 0, 1;
    %cmp/e;
    %flag_get/vec4 4;
    %and;
    %flag_set/vec4 8;
    %jmp/0xz  T_0.0, 8;
    %load/vec4 v0x55704c14c120_0;
    %cassign/vec4 v0x55704c19a2b0_0;
    %cassign/link v0x55704c19a2b0_0, v0x55704c14c120_0;
T_0.0 ;
    %load/vec4 v0x55704c19a3c0_0;
    %pushi/vec4 0, 0, 1;
    %cmp/e;
    %flag_get/vec4 4;
    %load/vec4 v0x55704c19a480_0;
    %pushi/vec4 1, 0, 1;
    %cmp/e;
    %flag_get/vec4 4;
    %and;
    %flag_set/vec4 8;
    %jmp/0xz  T_0.2, 8;
    %load/vec4 v0x55704c19a090_0;
    %cassign/vec4 v0x55704c19a2b0_0;
    %cassign/link v0x55704c19a2b0_0, v0x55704c19a090_0;
T_0.2 ;
    %load/vec4 v0x55704c19a3c0_0;
    %pushi/vec4 1, 0, 1;
    %cmp/e;
    %flag_get/vec4 4;
    %load/vec4 v0x55704c19a480_0;
    %pushi/vec4 0, 0, 1;
    %cmp/e;
    %flag_get/vec4 4;
    %and;
    %flag_set/vec4 8;
    %jmp/0xz  T_0.4, 8;
    %load/vec4 v0x55704c19a150_0;
    %cassign/vec4 v0x55704c19a2b0_0;
    %cassign/link v0x55704c19a2b0_0, v0x55704c19a150_0;
T_0.4 ;
    %load/vec4 v0x55704c19a3c0_0;
    %pushi/vec4 1, 0, 1;
    %cmp/e;
    %flag_get/vec4 4;
    %load/vec4 v0x55704c19a480_0;
    %pushi/vec4 1, 0, 1;
    %cmp/e;
    %flag_get/vec4 4;
    %and;
    %flag_set/vec4 8;
    %jmp/0xz  T_0.6, 8;
    %load/vec4 v0x55704c19a1f0_0;
    %cassign/vec4 v0x55704c19a2b0_0;
    %cassign/link v0x55704c19a2b0_0, v0x55704c19a1f0_0;
T_0.6 ;
    %jmp T_0;
    .thread T_0, $push;
    .scope S_0x55704c183b30;
T_1 ;
    %pushi/vec4 1, 0, 1;
    %store/vec4 v0x55704c19a620_0, 0, 1;
    %pushi/vec4 0, 0, 1;
    %store/vec4 v0x55704c19a6e0_0, 0, 1;
    %pushi/vec4 0, 0, 1;
    %store/vec4 v0x55704c19a7b0_0, 0, 1;
    %pushi/vec4 0, 0, 1;
    %store/vec4 v0x55704c19a8b0_0, 0, 1;
    %pushi/vec4 0, 0, 1;
    %store/vec4 v0x55704c19aa70_0, 0, 1;
    %pushi/vec4 0, 0, 1;
    %store/vec4 v0x55704c19ab40_0, 0, 1;
    %delay 1, 0;
    %pushi/vec4 0, 0, 1;
    %store/vec4 v0x55704c19a620_0, 0, 1;
    %pushi/vec4 1, 0, 1;
    %store/vec4 v0x55704c19a6e0_0, 0, 1;
    %pushi/vec4 0, 0, 1;
    %store/vec4 v0x55704c19a7b0_0, 0, 1;
    %pushi/vec4 0, 0, 1;
    %store/vec4 v0x55704c19a8b0_0, 0, 1;
    %pushi/vec4 0, 0, 1;
    %store/vec4 v0x55704c19aa70_0, 0, 1;
    %pushi/vec4 1, 0, 1;
    %store/vec4 v0x55704c19ab40_0, 0, 1;
    %delay 1, 0;
    %pushi/vec4 0, 0, 1;
    %store/vec4 v0x55704c19a620_0, 0, 1;
    %pushi/vec4 0, 0, 1;
    %store/vec4 v0x55704c19a6e0_0, 0, 1;
    %pushi/vec4 1, 0, 1;
    %store/vec4 v0x55704c19a7b0_0, 0, 1;
    %pushi/vec4 0, 0, 1;
    %store/vec4 v0x55704c19a8b0_0, 0, 1;
    %pushi/vec4 1, 0, 1;
    %store/vec4 v0x55704c19aa70_0, 0, 1;
    %pushi/vec4 0, 0, 1;
    %store/vec4 v0x55704c19ab40_0, 0, 1;
    %delay 1, 0;
    %pushi/vec4 0, 0, 1;
    %store/vec4 v0x55704c19a620_0, 0, 1;
    %pushi/vec4 0, 0, 1;
    %store/vec4 v0x55704c19a6e0_0, 0, 1;
    %pushi/vec4 0, 0, 1;
    %store/vec4 v0x55704c19a7b0_0, 0, 1;
    %pushi/vec4 1, 0, 1;
    %store/vec4 v0x55704c19a8b0_0, 0, 1;
    %pushi/vec4 1, 0, 1;
    %store/vec4 v0x55704c19aa70_0, 0, 1;
    %pushi/vec4 1, 0, 1;
    %store/vec4 v0x55704c19ab40_0, 0, 1;
    %end;
    .thread T_1;
    .scope S_0x55704c183b30;
T_2 ;
    %vpi_call 2 14 "$monitor", "%t A=%d B=%d C=%d D=%d SEL1=%d SEL2=%d Output=%d", $time, v0x55704c19a620_0, v0x55704c19a6e0_0, v0x55704c19a7b0_0, v0x55704c19a8b0_0, v0x55704c19aa70_0, v0x55704c19ab40_0, v0x55704c19a980_0 {0 0 0};
    %end;
    .thread T_2;
# The file index is used to find the file name in the following table.
:file_names 4;
    "N/A";
    "<interactive>";
    "muxtest.v";
    "./mux.v";
